Watching for file changes with StatReloader
Not Found: /article/article-detail/
"GET /article/article-detail/ HTTP/1.1" 404 4497
Not Found: /favicon.ico
Not Found: /article/article-detail/
"GET /article/article-detail/ HTTP/1.1" 404 4497
Not Found: /favicon.ico
"GET /favicon.ico HTTP/1.1" 404 2991
"GET /article/article-list/ HTTP/1.1" 200 13008
"GET /media/article/20210226/3.jpeg HTTP/1.1" 304 0
"GET /static/popper/popper-1.14.4.js HTTP/1.1" 304 0
"GET /static/md_css/monokai.css HTTP/1.1" 304 0
"GET /static/jquery/jquery-3.3.1.js HTTP/1.1" 304 0
"GET /static/layer/layer.js HTTP/1.1" 200 22116
"GET /static/layer/theme/default/layer.css?v=3.1.1 HTTP/1.1" 200 14367
"GET /article/article-list/ HTTP/1.1" 200 13008
"GET /article/article-detail/13/ HTTP/1.1" 200 39232
"GET /static/ckeditor/ckeditor-init.js HTTP/1.1" 304 0
"GET /static/ckeditor/ckeditor/plugins/smiley/images/thumbs_up.png HTTP/1.1" 304 0
"GET /static/ckeditor/ckeditor/plugins/smiley/images/teeth_smile.png HTTP/1.1" 304 0
"GET /static/ckeditor/ckeditor/plugins/smiley/images/regular_smile.png HTTP/1.1" 304 0
"GET /static/prism/prism.css HTTP/1.1" 304 0
"GET /static/ckeditor/ckeditor/ckeditor.js HTTP/1.1" 200 722348
"GET /static/ckeditor/ckeditor/config.js?t=K5H9 HTTP/1.1" 304 0
"GET /static/ckeditor/ckeditor/skins/moono-lisa/editor.css?t=K5H9 HTTP/1.1" 304 0
"GET /static/ckeditor/ckeditor/lang/en.js?t=K5H9 HTTP/1.1" 304 0
"GET /static/ckeditor/ckeditor/styles.js?t=K5H9 HTTP/1.1" 304 0
"GET /static/ckeditor/ckeditor/plugins/codesnippet/plugin.js?t=K5H9 HTTP/1.1" 304 0
"GET /static/ckeditor/ckeditor/plugins/codesnippet/lang/en.js?t=K5H9 HTTP/1.1" 304 0
"GET /static/ckeditor/ckeditor/plugins/scayt/dialogs/dialog.css?t=K5H9 HTTP/1.1" 304 0
"GET /static/ckeditor/ckeditor/plugins/wsc/skins/moono-lisa/wsc.css?t=K5H9 HTTP/1.1" 304 0
"GET /static/ckeditor/ckeditor/plugins/scayt/skins/moono-lisa/scayt.css?t=K5H9 HTTP/1.1" 304 0
"GET /static/ckeditor/ckeditor/plugins/tableselection/styles/tableselection.css HTTP/1.1" 304 0
"GET /static/ckeditor/ckeditor/plugins/dialog/styles/dialog.css HTTP/1.1" 304 0
"GET /static/ckeditor/ckeditor/plugins/copyformatting/styles/copyformatting.css HTTP/1.1" 304 0
"GET /static/ckeditor/ckeditor/plugins/codesnippet/icons/codesnippet.png?t=K5H9 HTTP/1.1" 304 0
"GET /static/ckeditor/ckeditor/skins/moono-lisa/icons.png?t=eb2d11644 HTTP/1.1" 304 0
"GET /static/ckeditor/ckeditor/contents.css?t=K5H9 HTTP/1.1" 304 0
"GET /article/article-list/?search=&column=None&tag=None HTTP/1.1" 200 13008
"GET /article/article-list/?order=total_views&search=&column=None&tag=None HTTP/1.1" 200 13020
"GET /article/article-list/?search=&column=None&tag=None HTTP/1.1" 200 13008
"GET /article/article-list/ HTTP/1.1" 200 13008
"GET /article/article-detail/13/ HTTP/1.1" 200 39232
Watching for file changes with StatReloader
"GET /article/article-list/ HTTP/1.1" 200 12999
/home/smartsyoung/PycharmProjects/SmartsYoung/django_blog_tutorial/article/templatetags/my_filters_and_tags.py changed, reloading.
Watching for file changes with StatReloader
/home/smartsyoung/PycharmProjects/SmartsYoung/django_blog_tutorial/article/templatetags/my_filters_and_tags.py changed, reloading.
Watching for file changes with StatReloader
/home/smartsyoung/PycharmProjects/SmartsYoung/django_blog_tutorial/article/templatetags/my_filters_and_tags.py changed, reloading.
Watching for file changes with StatReloader
/home/smartsyoung/PycharmProjects/SmartsYoung/django_blog_tutorial/article/templatetags/my_filters_and_tags.py changed, reloading.
Watching for file changes with StatReloader
/home/smartsyoung/PycharmProjects/SmartsYoung/django_blog_tutorial/article/templatetags/my_filters_and_tags.py changed, reloading.
Watching for file changes with StatReloader
Watching for file changes with StatReloader
"GET /article/article-detail/13/ HTTP/1.1" 200 39232
"GET /article/article-detail/13/ HTTP/1.1" 200 39232
/home/smartsyoung/PycharmProjects/SmartsYoung/django_blog_tutorial/article/models.py changed, reloading.
Watching for file changes with StatReloader
Watching for file changes with StatReloader
Internal Server Error: /article/article-list/
Traceback (most recent call last):
  File "/home/smartsyoung/PycharmProjects/conda/venv/lib/python3.7/site-packages/django/db/backends/utils.py", line 84, in _execute
    return self.cursor.execute(sql, params)
  File "/home/smartsyoung/PycharmProjects/conda/venv/lib/python3.7/site-packages/django/db/backends/sqlite3/base.py", line 383, in execute
    return Database.Cursor.execute(self, query, params)
sqlite3.OperationalError: no such column: article_articlepost.likes

The above exception was the direct cause of the following exception:

Traceback (most recent call last):
  File "/home/smartsyoung/PycharmProjects/conda/venv/lib/python3.7/site-packages/django/core/handlers/exception.py", line 34, in inner
    response = get_response(request)
  File "/home/smartsyoung/PycharmProjects/conda/venv/lib/python3.7/site-packages/django/core/handlers/base.py", line 115, in _get_response
    response = self.process_exception_by_middleware(e, request)
  File "/home/smartsyoung/PycharmProjects/conda/venv/lib/python3.7/site-packages/django/core/handlers/base.py", line 113, in _get_response
    response = wrapped_callback(request, *callback_args, **callback_kwargs)
  File "/home/smartsyoung/PycharmProjects/SmartsYoung/django_blog_tutorial/article/views.py", line 76, in article_list
    return render(request, 'article/list.html', context)
  File "/home/smartsyoung/PycharmProjects/conda/venv/lib/python3.7/site-packages/django/shortcuts.py", line 36, in render
    content = loader.render_to_string(template_name, context, request, using=using)
  File "/home/smartsyoung/PycharmProjects/conda/venv/lib/python3.7/site-packages/django/template/loader.py", line 62, in render_to_string
    return template.render(context, request)
  File "/home/smartsyoung/PycharmProjects/conda/venv/lib/python3.7/site-packages/django/template/backends/django.py", line 61, in render
    return self.template.render(context)
  File "/home/smartsyoung/PycharmProjects/conda/venv/lib/python3.7/site-packages/django/template/base.py", line 171, in render
    return self._render(context)
  File "/home/smartsyoung/PycharmProjects/conda/venv/lib/python3.7/site-packages/django/template/base.py", line 163, in _render
    return self.nodelist.render(context)
  File "/home/smartsyoung/PycharmProjects/conda/venv/lib/python3.7/site-packages/django/template/base.py", line 937, in render
    bit = node.render_annotated(context)
  File "/home/smartsyoung/PycharmProjects/conda/venv/lib/python3.7/site-packages/django/template/base.py", line 904, in render_annotated
    return self.render(context)
  File "/home/smartsyoung/PycharmProjects/conda/venv/lib/python3.7/site-packages/django/template/loader_tags.py", line 150, in render
    return compiled_parent._render(context)
  File "/home/smartsyoung/PycharmProjects/conda/venv/lib/python3.7/site-packages/django/template/base.py", line 163, in _render
    return self.nodelist.render(context)
  File "/home/smartsyoung/PycharmProjects/conda/venv/lib/python3.7/site-packages/django/template/base.py", line 937, in render
    bit = node.render_annotated(context)
  File "/home/smartsyoung/PycharmProjects/conda/venv/lib/python3.7/site-packages/django/template/base.py", line 904, in render_annotated
    return self.render(context)
  File "/home/smartsyoung/PycharmProjects/conda/venv/lib/python3.7/site-packages/django/template/loader_tags.py", line 62, in render
    result = block.nodelist.render(context)
  File "/home/smartsyoung/PycharmProjects/conda/venv/lib/python3.7/site-packages/django/template/base.py", line 937, in render
    bit = node.render_annotated(context)
  File "/home/smartsyoung/PycharmProjects/conda/venv/lib/python3.7/site-packages/django/template/base.py", line 904, in render_annotated
    return self.render(context)
  File "/home/smartsyoung/PycharmProjects/conda/venv/lib/python3.7/site-packages/django/template/defaulttags.py", line 166, in render
    len_values = len(values)
  File "/home/smartsyoung/PycharmProjects/conda/venv/lib/python3.7/site-packages/django/core/paginator.py", line 150, in __len__
    return len(self.object_list)
  File "/home/smartsyoung/PycharmProjects/conda/venv/lib/python3.7/site-packages/django/db/models/query.py", line 256, in __len__
    self._fetch_all()
  File "/home/smartsyoung/PycharmProjects/conda/venv/lib/python3.7/site-packages/django/db/models/query.py", line 1242, in _fetch_all
    self._result_cache = list(self._iterable_class(self))
  File "/home/smartsyoung/PycharmProjects/conda/venv/lib/python3.7/site-packages/django/db/models/query.py", line 55, in __iter__
    results = compiler.execute_sql(chunked_fetch=self.chunked_fetch, chunk_size=self.chunk_size)
  File "/home/smartsyoung/PycharmProjects/conda/venv/lib/python3.7/site-packages/django/db/models/sql/compiler.py", line 1097, in execute_sql
    cursor.execute(sql, params)
  File "/home/smartsyoung/PycharmProjects/conda/venv/lib/python3.7/site-packages/django/db/backends/utils.py", line 99, in execute
    return super().execute(sql, params)
  File "/home/smartsyoung/PycharmProjects/conda/venv/lib/python3.7/site-packages/django/db/backends/utils.py", line 67, in execute
    return self._execute_with_wrappers(sql, params, many=False, executor=self._execute)
  File "/home/smartsyoung/PycharmProjects/conda/venv/lib/python3.7/site-packages/django/db/backends/utils.py", line 76, in _execute_with_wrappers
    return executor(sql, params, many, context)
  File "/home/smartsyoung/PycharmProjects/conda/venv/lib/python3.7/site-packages/django/db/backends/utils.py", line 84, in _execute
    return self.cursor.execute(sql, params)
  File "/home/smartsyoung/PycharmProjects/conda/venv/lib/python3.7/site-packages/django/db/utils.py", line 89, in __exit__
    raise dj_exc_value.with_traceback(traceback) from exc_value
  File "/home/smartsyoung/PycharmProjects/conda/venv/lib/python3.7/site-packages/django/db/backends/utils.py", line 84, in _execute
    return self.cursor.execute(sql, params)
  File "/home/smartsyoung/PycharmProjects/conda/venv/lib/python3.7/site-packages/django/db/backends/sqlite3/base.py", line 383, in execute
    return Database.Cursor.execute(self, query, params)
django.db.utils.OperationalError: no such column: article_articlepost.likes
"GET /article/article-list/ HTTP/1.1" 500 227049
Internal Server Error: /article/article-list/
Traceback (most recent call last):
  File "/home/smartsyoung/PycharmProjects/conda/venv/lib/python3.7/site-packages/django/db/backends/utils.py", line 84, in _execute
    return self.cursor.execute(sql, params)
  File "/home/smartsyoung/PycharmProjects/conda/venv/lib/python3.7/site-packages/django/db/backends/sqlite3/base.py", line 383, in execute
    return Database.Cursor.execute(self, query, params)
sqlite3.OperationalError: no such column: article_articlepost.likes

The above exception was the direct cause of the following exception:

Traceback (most recent call last):
  File "/home/smartsyoung/PycharmProjects/conda/venv/lib/python3.7/site-packages/django/core/handlers/exception.py", line 34, in inner
    response = get_response(request)
  File "/home/smartsyoung/PycharmProjects/conda/venv/lib/python3.7/site-packages/django/core/handlers/base.py", line 115, in _get_response
    response = self.process_exception_by_middleware(e, request)
  File "/home/smartsyoung/PycharmProjects/conda/venv/lib/python3.7/site-packages/django/core/handlers/base.py", line 113, in _get_response
    response = wrapped_callback(request, *callback_args, **callback_kwargs)
  File "/home/smartsyoung/PycharmProjects/SmartsYoung/django_blog_tutorial/article/views.py", line 76, in article_list
    return render(request, 'article/list.html', context)
  File "/home/smartsyoung/PycharmProjects/conda/venv/lib/python3.7/site-packages/django/shortcuts.py", line 36, in render
    content = loader.render_to_string(template_name, context, request, using=using)
  File "/home/smartsyoung/PycharmProjects/conda/venv/lib/python3.7/site-packages/django/template/loader.py", line 62, in render_to_string
    return template.render(context, request)
  File "/home/smartsyoung/PycharmProjects/conda/venv/lib/python3.7/site-packages/django/template/backends/django.py", line 61, in render
    return self.template.render(context)
  File "/home/smartsyoung/PycharmProjects/conda/venv/lib/python3.7/site-packages/django/template/base.py", line 171, in render
    return self._render(context)
  File "/home/smartsyoung/PycharmProjects/conda/venv/lib/python3.7/site-packages/django/template/base.py", line 163, in _render
    return self.nodelist.render(context)
  File "/home/smartsyoung/PycharmProjects/conda/venv/lib/python3.7/site-packages/django/template/base.py", line 937, in render
    bit = node.render_annotated(context)
  File "/home/smartsyoung/PycharmProjects/conda/venv/lib/python3.7/site-packages/django/template/base.py", line 904, in render_annotated
    return self.render(context)
  File "/home/smartsyoung/PycharmProjects/conda/venv/lib/python3.7/site-packages/django/template/loader_tags.py", line 150, in render
    return compiled_parent._render(context)
  File "/home/smartsyoung/PycharmProjects/conda/venv/lib/python3.7/site-packages/django/template/base.py", line 163, in _render
    return self.nodelist.render(context)
  File "/home/smartsyoung/PycharmProjects/conda/venv/lib/python3.7/site-packages/django/template/base.py", line 937, in render
    bit = node.render_annotated(context)
  File "/home/smartsyoung/PycharmProjects/conda/venv/lib/python3.7/site-packages/django/template/base.py", line 904, in render_annotated
    return self.render(context)
  File "/home/smartsyoung/PycharmProjects/conda/venv/lib/python3.7/site-packages/django/template/loader_tags.py", line 62, in render
    result = block.nodelist.render(context)
  File "/home/smartsyoung/PycharmProjects/conda/venv/lib/python3.7/site-packages/django/template/base.py", line 937, in render
    bit = node.render_annotated(context)
  File "/home/smartsyoung/PycharmProjects/conda/venv/lib/python3.7/site-packages/django/template/base.py", line 904, in render_annotated
    return self.render(context)
  File "/home/smartsyoung/PycharmProjects/conda/venv/lib/python3.7/site-packages/django/template/defaulttags.py", line 166, in render
    len_values = len(values)
  File "/home/smartsyoung/PycharmProjects/conda/venv/lib/python3.7/site-packages/django/core/paginator.py", line 150, in __len__
    return len(self.object_list)
  File "/home/smartsyoung/PycharmProjects/conda/venv/lib/python3.7/site-packages/django/db/models/query.py", line 256, in __len__
    self._fetch_all()
  File "/home/smartsyoung/PycharmProjects/conda/venv/lib/python3.7/site-packages/django/db/models/query.py", line 1242, in _fetch_all
    self._result_cache = list(self._iterable_class(self))
  File "/home/smartsyoung/PycharmProjects/conda/venv/lib/python3.7/site-packages/django/db/models/query.py", line 55, in __iter__
    results = compiler.execute_sql(chunked_fetch=self.chunked_fetch, chunk_size=self.chunk_size)
  File "/home/smartsyoung/PycharmProjects/conda/venv/lib/python3.7/site-packages/django/db/models/sql/compiler.py", line 1097, in execute_sql
    cursor.execute(sql, params)
  File "/home/smartsyoung/PycharmProjects/conda/venv/lib/python3.7/site-packages/django/db/backends/utils.py", line 99, in execute
    return super().execute(sql, params)
  File "/home/smartsyoung/PycharmProjects/conda/venv/lib/python3.7/site-packages/django/db/backends/utils.py", line 67, in execute
    return self._execute_with_wrappers(sql, params, many=False, executor=self._execute)
  File "/home/smartsyoung/PycharmProjects/conda/venv/lib/python3.7/site-packages/django/db/backends/utils.py", line 76, in _execute_with_wrappers
    return executor(sql, params, many, context)
  File "/home/smartsyoung/PycharmProjects/conda/venv/lib/python3.7/site-packages/django/db/backends/utils.py", line 84, in _execute
    return self.cursor.execute(sql, params)
  File "/home/smartsyoung/PycharmProjects/conda/venv/lib/python3.7/site-packages/django/db/utils.py", line 89, in __exit__
    raise dj_exc_value.with_traceback(traceback) from exc_value
  File "/home/smartsyoung/PycharmProjects/conda/venv/lib/python3.7/site-packages/django/db/backends/utils.py", line 84, in _execute
    return self.cursor.execute(sql, params)
  File "/home/smartsyoung/PycharmProjects/conda/venv/lib/python3.7/site-packages/django/db/backends/sqlite3/base.py", line 383, in execute
    return Database.Cursor.execute(self, query, params)
django.db.utils.OperationalError: no such column: article_articlepost.likes
"GET /article/article-list/ HTTP/1.1" 500 227057
"GET /article/article-create/ HTTP/1.1" 200 8728
Internal Server Error: /article/article-list/
Traceback (most recent call last):
  File "/home/smartsyoung/PycharmProjects/conda/venv/lib/python3.7/site-packages/django/db/backends/utils.py", line 84, in _execute
    return self.cursor.execute(sql, params)
  File "/home/smartsyoung/PycharmProjects/conda/venv/lib/python3.7/site-packages/django/db/backends/sqlite3/base.py", line 383, in execute
    return Database.Cursor.execute(self, query, params)
sqlite3.OperationalError: no such column: article_articlepost.likes

The above exception was the direct cause of the following exception:

Traceback (most recent call last):
  File "/home/smartsyoung/PycharmProjects/conda/venv/lib/python3.7/site-packages/django/core/handlers/exception.py", line 34, in inner
    response = get_response(request)
  File "/home/smartsyoung/PycharmProjects/conda/venv/lib/python3.7/site-packages/django/core/handlers/base.py", line 115, in _get_response
    response = self.process_exception_by_middleware(e, request)
  File "/home/smartsyoung/PycharmProjects/conda/venv/lib/python3.7/site-packages/django/core/handlers/base.py", line 113, in _get_response
    response = wrapped_callback(request, *callback_args, **callback_kwargs)
  File "/home/smartsyoung/PycharmProjects/SmartsYoung/django_blog_tutorial/article/views.py", line 76, in article_list
    return render(request, 'article/list.html', context)
  File "/home/smartsyoung/PycharmProjects/conda/venv/lib/python3.7/site-packages/django/shortcuts.py", line 36, in render
    content = loader.render_to_string(template_name, context, request, using=using)
  File "/home/smartsyoung/PycharmProjects/conda/venv/lib/python3.7/site-packages/django/template/loader.py", line 62, in render_to_string
    return template.render(context, request)
  File "/home/smartsyoung/PycharmProjects/conda/venv/lib/python3.7/site-packages/django/template/backends/django.py", line 61, in render
    return self.template.render(context)
  File "/home/smartsyoung/PycharmProjects/conda/venv/lib/python3.7/site-packages/django/template/base.py", line 171, in render
    return self._render(context)
  File "/home/smartsyoung/PycharmProjects/conda/venv/lib/python3.7/site-packages/django/template/base.py", line 163, in _render
    return self.nodelist.render(context)
  File "/home/smartsyoung/PycharmProjects/conda/venv/lib/python3.7/site-packages/django/template/base.py", line 937, in render
    bit = node.render_annotated(context)
  File "/home/smartsyoung/PycharmProjects/conda/venv/lib/python3.7/site-packages/django/template/base.py", line 904, in render_annotated
    return self.render(context)
  File "/home/smartsyoung/PycharmProjects/conda/venv/lib/python3.7/site-packages/django/template/loader_tags.py", line 150, in render
    return compiled_parent._render(context)
  File "/home/smartsyoung/PycharmProjects/conda/venv/lib/python3.7/site-packages/django/template/base.py", line 163, in _render
    return self.nodelist.render(context)
  File "/home/smartsyoung/PycharmProjects/conda/venv/lib/python3.7/site-packages/django/template/base.py", line 937, in render
    bit = node.render_annotated(context)
  File "/home/smartsyoung/PycharmProjects/conda/venv/lib/python3.7/site-packages/django/template/base.py", line 904, in render_annotated
    return self.render(context)
  File "/home/smartsyoung/PycharmProjects/conda/venv/lib/python3.7/site-packages/django/template/loader_tags.py", line 62, in render
    result = block.nodelist.render(context)
  File "/home/smartsyoung/PycharmProjects/conda/venv/lib/python3.7/site-packages/django/template/base.py", line 937, in render
    bit = node.render_annotated(context)
  File "/home/smartsyoung/PycharmProjects/conda/venv/lib/python3.7/site-packages/django/template/base.py", line 904, in render_annotated
    return self.render(context)
  File "/home/smartsyoung/PycharmProjects/conda/venv/lib/python3.7/site-packages/django/template/defaulttags.py", line 166, in render
    len_values = len(values)
  File "/home/smartsyoung/PycharmProjects/conda/venv/lib/python3.7/site-packages/django/core/paginator.py", line 150, in __len__
    return len(self.object_list)
  File "/home/smartsyoung/PycharmProjects/conda/venv/lib/python3.7/site-packages/django/db/models/query.py", line 256, in __len__
    self._fetch_all()
  File "/home/smartsyoung/PycharmProjects/conda/venv/lib/python3.7/site-packages/django/db/models/query.py", line 1242, in _fetch_all
    self._result_cache = list(self._iterable_class(self))
  File "/home/smartsyoung/PycharmProjects/conda/venv/lib/python3.7/site-packages/django/db/models/query.py", line 55, in __iter__
    results = compiler.execute_sql(chunked_fetch=self.chunked_fetch, chunk_size=self.chunk_size)
  File "/home/smartsyoung/PycharmProjects/conda/venv/lib/python3.7/site-packages/django/db/models/sql/compiler.py", line 1097, in execute_sql
    cursor.execute(sql, params)
  File "/home/smartsyoung/PycharmProjects/conda/venv/lib/python3.7/site-packages/django/db/backends/utils.py", line 99, in execute
    return super().execute(sql, params)
  File "/home/smartsyoung/PycharmProjects/conda/venv/lib/python3.7/site-packages/django/db/backends/utils.py", line 67, in execute
    return self._execute_with_wrappers(sql, params, many=False, executor=self._execute)
  File "/home/smartsyoung/PycharmProjects/conda/venv/lib/python3.7/site-packages/django/db/backends/utils.py", line 76, in _execute_with_wrappers
    return executor(sql, params, many, context)
  File "/home/smartsyoung/PycharmProjects/conda/venv/lib/python3.7/site-packages/django/db/backends/utils.py", line 84, in _execute
    return self.cursor.execute(sql, params)
  File "/home/smartsyoung/PycharmProjects/conda/venv/lib/python3.7/site-packages/django/db/utils.py", line 89, in __exit__
    raise dj_exc_value.with_traceback(traceback) from exc_value
  File "/home/smartsyoung/PycharmProjects/conda/venv/lib/python3.7/site-packages/django/db/backends/utils.py", line 84, in _execute
    return self.cursor.execute(sql, params)
  File "/home/smartsyoung/PycharmProjects/conda/venv/lib/python3.7/site-packages/django/db/backends/sqlite3/base.py", line 383, in execute
    return Database.Cursor.execute(self, query, params)
django.db.utils.OperationalError: no such column: article_articlepost.likes
"GET /article/article-list/ HTTP/1.1" 500 227054
Watching for file changes with StatReloader
"GET /article/article-list/ HTTP/1.1" 200 12999
"GET /article/article-detail/13/ HTTP/1.1" 200 39936
"GET /article/article-list/ HTTP/1.1" 200 12999
"GET /article/article-detail/13/ HTTP/1.1" 200 39936
Watching for file changes with StatReloader
"GET /article/article-list/ HTTP/1.1" 200 12999
"GET /article/article-detail/13/ HTTP/1.1" 200 42421
"GET /static/csrf.js HTTP/1.1" 304 0
"POST /article/increase-likes/13/ HTTP/1.1" 200 7
"GET /article/article-list/ HTTP/1.1" 200 12999
"GET /article/article-detail/13/ HTTP/1.1" 200 42421
"GET /article/article-detail/13/ HTTP/1.1" 200 42421
